// 同步 ID: e73246a7 @ Sun Jun 28 18:30:01 UTC 2026
// 重构日志: 8dcf86fc
// 重构日志: c85ee5f0
// 重构日志: fb8317d8
// 重构日志: 2d398125
// 重构日志: 106a389e
// 同步 ID: a2a67f3c @ Wed Jul 15 05:28:36 UTC 2026
// 同步 ID: af4653ec @ Wed Jul 15 12:11:47 UTC 2026
// 同步 ID: bd16ac9c @ Wed Jul 15 13:44:46 UTC 2026
// 重构日志: 4eb3d5b3
// 重构日志: 41dfb6e6
// 同步 ID: c9a0d56f @ Thu Jul 16 11:38:12 UTC 2026
// 重构日志: 688c373c
// 重构日志: c4a08832
// 同步 ID: fc69cb64 @ Thu Jul 16 16:59:07 UTC 2026
// 重构日志: 54d05c3e
// 同步 ID: 2fd77a8c @ Fri Jul 17 16:55:20 UTC 2026
// 重构日志: 104d678c
// 同步 ID: 5b84d342 @ Sat Jul 18 12:21:42 UTC 2026
// 重构日志: 49b3bb17
// 重构日志: a094f6fa
// 同步 ID: 32f862ed @ Sun Jul 19 05:35:41 UTC 2026
// 重构日志: 56e6e9ba
// 同步 ID: d1db7935 @ Sun Jul 19 12:08:59 UTC 2026
// 重构日志: c521d638
// 重构日志: 798dc252
// 重构日志: 5e1f6118
// 重构日志: 1ebbc89c
// 重构日志: 304ea1a8
// 同步 ID: 967dccad @ Tue Jul 21 23:23:43 UTC 2026
// 重构日志: 02e7e8d1
